# JRE version: OpenJDK Runtime Environment Temurin-17.0.9+9 (17.0.9+9) (build 17.0.9+9)
# Java VM: OpenJDK 64-Bit Server VM Temurin-17.0.9+9 (17.0.9+9, mixed mode, tiered, compressed oops, compressed class ptrs, parallel gc, windows-amd64)
GC Precious Log:
 CPUs: 2 total, 2 available
 Memory: 8156M
 Large Page Support: Disabled
 NUMA Support: Disabled
 Compressed Oops: Enabled (32-bit)
 Alignments: Space 512K, Generation 512K, Heap 2M
 Heap Min Capacity: 100M
 Heap Initial Capacity: 100M
 Heap Max Capacity: 1G
 Pre-touch: Disabled
 Parallel Workers: 2
Heap:
 PSYoungGen      total 35328K, used 34880K [0x00000000eab00000, 0x00000000edd00000, 0x0000000100000000)
  eden space 19456K, 100% used [0x00000000eab00000,0x00000000ebe00000,0x00000000ebe00000)
  from space 15872K, 97% used [0x00000000ecd80000,0x00000000edc90000,0x00000000edd00000)
  to   space 15872K, 0% used [0x00000000ebe00000,0x00000000ebe00000,0x00000000ecd80000)
 ParOldGen       total 317952K, used 266776K [0x00000000c0000000, 0x00000000d3680000, 0x00000000eab00000)
  object space 317952K, 83% used [0x00000000c0000000,0x00000000d0486118,0x00000000d3680000)
 Metaspace       used 77728K, committed 79104K, reserved 1179648K
  class space    used 8214K, committed 8832K, reserved 1048576K
GC Heap History (20 events):
Event: 380.503 GC heap before
{Heap before GC invocations=346 (full 15):
 PSYoungGen      total 23040K, used 23020K [0x00000000eab00000, 0x00000000ecc00000, 0x0000000100000000)
  eden space 18432K, 100% used [0x00000000eab00000,0x00000000ebd00000,0x00000000ebd00000)
  from space 4608K, 99% used [0x00000000ec380000,0x00000000ec7fb048,0x00000000ec800000)
  to   space 6656K, 0% used [0x00000000ebd00000,0x00000000ebd00000,0x00000000ec380000)
 ParOldGen       total 317952K, used 251329K [0x00000000c0000000, 0x00000000d3680000, 0x00000000eab00000)
  object space 317952K, 79% used [0x00000000c0000000,0x00000000cf5707f8,0x00000000d3680000)
 Metaspace       used 77663K, committed 79104K, reserved 1179648K
  class space    used 8209K, committed 8832K, reserved 1048576K
}
Event: 380.517 GC heap after
{Heap after GC invocations=346 (full 15):
 PSYoungGen      total 24576K, used 5768K [0x00000000eab00000, 0x00000000ec900000, 0x0000000100000000)
  eden space 18432K, 0% used [0x00000000eab00000,0x00000000eab00000,0x00000000ebd00000)
  from space 6144K, 93% used [0x00000000ebd00000,0x00000000ec2a2038,0x00000000ec300000)
  to   space 6144K, 0% used [0x00000000ec300000,0x00000000ec300000,0x00000000ec900000)
 ParOldGen       total 317952K, used 251809K [0x00000000c0000000, 0x00000000d3680000, 0x00000000eab00000)
  object space 317952K, 79% used [0x00000000c0000000,0x00000000cf5e87f8,0x00000000d3680000)
 Metaspace       used 77663K, committed 79104K, reserved 1179648K
  class space    used 8209K, committed 8832K, reserved 1048576K
}
Event: 381.473 GC heap before
{Heap before GC invocations=347 (full 15):
 PSYoungGen      total 24576K, used 24200K [0x00000000eab00000, 0x00000000ec900000, 0x0000000100000000)
  eden space 18432K, 100% used [0x00000000eab00000,0x00000000ebd00000,0x00000000ebd00000)
  from space 6144K, 93% used [0x00000000ebd00000,0x00000000ec2a2038,0x00000000ec300000)
  to   space 6144K, 0% used [0x00000000ec300000,0x00000000ec300000,0x00000000ec900000)
 ParOldGen       total 317952K, used 251809K [0x00000000c0000000, 0x00000000d3680000, 0x00000000eab00000)
  object space 317952K, 79% used [0x00000000c0000000,0x00000000cf5e87f8,0x00000000d3680000)
 Metaspace       used 77669K, committed 79104K, reserved 1179648K
  class space    used 8209K, committed 8832K, reserved 1048576K
}
Event: 381.481 GC heap after
{Heap after GC invocations=347 (full 15):
 PSYoungGen      total 21504K, used 2889K [0x00000000eab00000, 0x00000000ec600000, 0x0000000100000000)
  eden space 18432K, 0% used [0x00000000eab00000,0x00000000eab00000,0x00000000ebd00000)
  from space 3072K, 94% used [0x00000000ec300000,0x00000000ec5d27e0,0x00000000ec600000)
  to   space 4096K, 0% used [0x00000000ebe00000,0x00000000ebe00000,0x00000000ec200000)
 ParOldGen       total 317952K, used 251817K [0x00000000c0000000, 0x00000000d3680000, 0x00000000eab00000)
  object space 317952K, 79% used [0x00000000c0000000,0x00000000cf5ea7f8,0x00000000d3680000)
 Metaspace       used 77669K, committed 79104K, reserved 1179648K
  class space    used 8209K, committed 8832K, reserved 1048576K
}
Event: 381.792 GC heap before
{Heap before GC invocations=348 (full 15):
 PSYoungGen      total 21504K, used 21321K [0x00000000eab00000, 0x00000000ec600000, 0x0000000100000000)
  eden space 18432K, 100% used [0x00000000eab00000,0x00000000ebd00000,0x00000000ebd00000)
  from space 3072K, 94% used [0x00000000ec300000,0x00000000ec5d27e0,0x00000000ec600000)
  to   space 4096K, 0% used [0x00000000ebe00000,0x00000000ebe00000,0x00000000ec200000)
 ParOldGen       total 317952K, used 251817K [0x00000000c0000000, 0x00000000d3680000, 0x00000000eab00000)
  object space 317952K, 79% used [0x00000000c0000000,0x00000000cf5ea7f8,0x00000000d3680000)
 Metaspace       used 77671K, committed 79104K, reserved 1179648K
  class space    used 8209K, committed 8832K, reserved 1048576K
}
Event: 381.804 GC heap after
{Heap after GC invocations=348 (full 15):
 PSYoungGen      total 22528K, used 4088K [0x00000000eab00000, 0x00000000ec800000, 0x0000000100000000)
  eden space 18432K, 0% used [0x00000000eab00000,0x00000000eab00000,0x00000000ebd00000)
  from space 4096K, 99% used [0x00000000ebe00000,0x00000000ec1fe070,0x00000000ec200000)
  to   space 5632K, 0% used [0x00000000ec280000,0x00000000ec280000,0x00000000ec800000)
 ParOldGen       total 317952K, used 252601K [0x00000000c0000000, 0x00000000d3680000, 0x00000000eab00000)
  object space 317952K, 79% used [0x00000000c0000000,0x00000000cf6ae7f8,0x00000000d3680000)
 Metaspace       used 77671K, committed 79104K, reserved 1179648K
  class space    used 8209K, committed 8832K, reserved 1048576K
}
Event: 381.913 GC heap before
{Heap before GC invocations=349 (full 15):
 PSYoungGen      total 22528K, used 22520K [0x00000000eab00000, 0x00000000ec800000, 0x0000000100000000)
  eden space 18432K, 100% used [0x00000000eab00000,0x00000000ebd00000,0x00000000ebd00000)
  from space 4096K, 99% used [0x00000000ebe00000,0x00000000ec1fe070,0x00000000ec200000)
  to   space 5632K, 0% used [0x00000000ec280000,0x00000000ec280000,0x00000000ec800000)
 ParOldGen       total 317952K, used 252601K [0x00000000c0000000, 0x00000000d3680000, 0x00000000eab00000)
  object space 317952K, 79% used [0x00000000c0000000,0x00000000cf6ae7f8,0x00000000d3680000)
 Metaspace       used 77671K, committed 79104K, reserved 1179648K
  class space    used 8209K, committed 8832K, reserved 1048576K
}
Event: 381.928 GC heap after
{Heap after GC invocations=349 (full 15):
 PSYoungGen      total 24064K, used 5155K [0x00000000eab00000, 0x00000000ec800000, 0x0000000100000000)
  eden space 18432K, 0% used [0x00000000eab00000,0x00000000eab00000,0x00000000ebd00000)
  from space 5632K, 91% used [0x00000000ec280000,0x00000000ec788f60,0x00000000ec800000)
  to   space 5632K, 0% used [0x00000000ebd00000,0x00000000ebd00000,0x00000000ec280000)
 ParOldGen       total 317952K, used 253601K [0x00000000c0000000, 0x00000000d3680000, 0x00000000eab00000)
  object space 317952K, 79% used [0x00000000c0000000,0x00000000cf7a87f8,0x00000000d3680000)
 Metaspace       used 77671K, committed 79104K, reserved 1179648K
  class space    used 8209K, committed 8832K, reserved 1048576K
}
Event: 382.087 GC heap before
{Heap before GC invocations=350 (full 15):
 PSYoungGen      total 24064K, used 23587K [0x00000000eab00000, 0x00000000ec800000, 0x0000000100000000)
  eden space 18432K, 100% used [0x00000000eab00000,0x00000000ebd00000,0x00000000ebd00000)
  from space 5632K, 91% used [0x00000000ec280000,0x00000000ec788f60,0x00000000ec800000)
  to   space 5632K, 0% used [0x00000000ebd00000,0x00000000ebd00000,0x00000000ec280000)
 ParOldGen       total 317952K, used 253601K [0x00000000c0000000, 0x00000000d3680000, 0x00000000eab00000)
  object space 317952K, 79% used [0x00000000c0000000,0x00000000cf7a87f8,0x00000000d3680000)
 Metaspace       used 77671K, committed 79104K, reserved 1179648K
  class space    used 8209K, committed 8832K, reserved 1048576K
}
Event: 382.108 GC heap after
{Heap after GC invocations=350 (full 15):
 PSYoungGen      total 24064K, used 5606K [0x00000000eab00000, 0x00000000ece00000, 0x0000000100000000)
  eden space 18432K, 0% used [0x00000000eab00000,0x00000000eab00000,0x00000000ebd00000)
  from space 5632K, 99% used [0x00000000ebd00000,0x00000000ec279998,0x00000000ec280000)
  to   space 8704K, 0% used [0x00000000ec580000,0x00000000ec580000,0x00000000ece00000)
 ParOldGen       total 317952K, used 256066K [0x00000000c0000000, 0x00000000d3680000, 0x00000000eab00000)
  object space 317952K, 80% used [0x00000000c0000000,0x00000000cfa10be8,0x00000000d3680000)
 Metaspace       used 77671K, committed 79104K, reserved 1179648K
  class space    used 8209K, committed 8832K, reserved 1048576K
}
Event: 383.091 GC heap before
{Heap before GC invocations=351 (full 15):
 PSYoungGen      total 24064K, used 24038K [0x00000000eab00000, 0x00000000ece00000, 0x0000000100000000)
  eden space 18432K, 100% used [0x00000000eab00000,0x00000000ebd00000,0x00000000ebd00000)
  from space 5632K, 99% used [0x00000000ebd00000,0x00000000ec279998,0x00000000ec280000)
  to   space 8704K, 0% used [0x00000000ec580000,0x00000000ec580000,0x00000000ece00000)
 ParOldGen       total 317952K, used 256066K [0x00000000c0000000, 0x00000000d3680000, 0x00000000eab00000)
  object space 317952K, 80% used [0x00000000c0000000,0x00000000cfa10be8,0x00000000d3680000)
 Metaspace       used 77722K, committed 79104K, reserved 1179648K
  class space    used 8214K, committed 8832K, reserved 1048576K
}
Event: 383.108 GC heap after
{Heap after GC invocations=351 (full 15):
 PSYoungGen      total 25088K, used 6348K [0x00000000eab00000, 0x00000000ecc00000, 0x0000000100000000)
  eden space 18432K, 0% used [0x00000000eab00000,0x00000000eab00000,0x00000000ebd00000)
  from space 6656K, 95% used [0x00000000ec580000,0x00000000ecbb3008,0x00000000ecc00000)
  to   space 7168K, 0% used [0x00000000ebe00000,0x00000000ebe00000,0x00000000ec500000)
 ParOldGen       total 317952K, used 256898K [0x00000000c0000000, 0x00000000d3680000, 0x00000000eab00000)
  object space 317952K, 80% used [0x00000000c0000000,0x00000000cfae0be8,0x00000000d3680000)
 Metaspace       used 77722K, committed 79104K, reserved 1179648K
  class space    used 8214K, committed 8832K, reserved 1048576K
}
Event: 383.540 GC heap before
{Heap before GC invocations=352 (full 15):
 PSYoungGen      total 25088K, used 24780K [0x00000000eab00000, 0x00000000ecc00000, 0x0000000100000000)
  eden space 18432K, 100% used [0x00000000eab00000,0x00000000ebd00000,0x00000000ebd00000)
  from space 6656K, 95% used [0x00000000ec580000,0x00000000ecbb3008,0x00000000ecc00000)
  to   space 7168K, 0% used [0x00000000ebe00000,0x00000000ebe00000,0x00000000ec500000)
 ParOldGen       total 317952K, used 256898K [0x00000000c0000000, 0x00000000d3680000, 0x00000000eab00000)
  object space 317952K, 80% used [0x00000000c0000000,0x00000000cfae0be8,0x00000000d3680000)
 Metaspace       used 77727K, committed 79104K, reserved 1179648K
  class space    used 8214K, committed 8832K, reserved 1048576K
}
Event: 383.571 GC heap after
{Heap after GC invocations=352 (full 15):
 PSYoungGen      total 25600K, used 7168K [0x00000000eab00000, 0x00000000ed400000, 0x0000000100000000)
  eden space 18432K, 0% used [0x00000000eab00000,0x00000000eab00000,0x00000000ebd00000)
  from space 7168K, 100% used [0x00000000ebe00000,0x00000000ec500000,0x00000000ec500000)
  to   space 11776K, 0% used [0x00000000ec880000,0x00000000ec880000,0x00000000ed400000)
 ParOldGen       total 317952K, used 260556K [0x00000000c0000000, 0x00000000d3680000, 0x00000000eab00000)
  object space 317952K, 81% used [0x00000000c0000000,0x00000000cfe733d0,0x00000000d3680000)
 Metaspace       used 77727K, committed 79104K, reserved 1179648K
  class space    used 8214K, committed 8832K, reserved 1048576K
}
Event: 383.782 GC heap before
{Heap before GC invocations=353 (full 15):
 PSYoungGen      total 25600K, used 25600K [0x00000000eab00000, 0x00000000ed400000, 0x0000000100000000)
  eden space 18432K, 100% used [0x00000000eab00000,0x00000000ebd00000,0x00000000ebd00000)
  from space 7168K, 100% used [0x00000000ebe00000,0x00000000ec500000,0x00000000ec500000)
  to   space 11776K, 0% used [0x00000000ec880000,0x00000000ec880000,0x00000000ed400000)
 ParOldGen       total 317952K, used 260556K [0x00000000c0000000, 0x00000000d3680000, 0x00000000eab00000)
  object space 317952K, 81% used [0x00000000c0000000,0x00000000cfe733d0,0x00000000d3680000)
 Metaspace       used 77727K, committed 79104K, reserved 1179648K
  class space    used 8214K, committed 8832K, reserved 1048576K
}
Event: 383.819 GC heap after
{Heap after GC invocations=353 (full 15):
 PSYoungGen      total 29184K, used 11761K [0x00000000eab00000, 0x00000000ed600000, 0x0000000100000000)
  eden space 17408K, 0% used [0x00000000eab00000,0x00000000eab00000,0x00000000ebc00000)
  from space 11776K, 99% used [0x00000000ec880000,0x00000000ed3fc668,0x00000000ed400000)
  to   space 12800K, 0% used [0x00000000ebc00000,0x00000000ebc00000,0x00000000ec880000)
 ParOldGen       total 317952K, used 260940K [0x00000000c0000000, 0x00000000d3680000, 0x00000000eab00000)
  object space 317952K, 82% used [0x00000000c0000000,0x00000000cfed33d0,0x00000000d3680000)
 Metaspace       used 77727K, committed 79104K, reserved 1179648K
  class space    used 8214K, committed 8832K, reserved 1048576K
}
Event: 384.016 GC heap before
{Heap before GC invocations=354 (full 15):
 PSYoungGen      total 29184K, used 29169K [0x00000000eab00000, 0x00000000ed600000, 0x0000000100000000)
  eden space 17408K, 100% used [0x00000000eab00000,0x00000000ebc00000,0x00000000ebc00000)
  from space 11776K, 99% used [0x00000000ec880000,0x00000000ed3fc668,0x00000000ed400000)
  to   space 12800K, 0% used [0x00000000ebc00000,0x00000000ebc00000,0x00000000ec880000)
 ParOldGen       total 317952K, used 260940K [0x00000000c0000000, 0x00000000d3680000, 0x00000000eab00000)
  object space 317952K, 82% used [0x00000000c0000000,0x00000000cfed33d0,0x00000000d3680000)
 Metaspace       used 77727K, committed 79104K, reserved 1179648K
  class space    used 8214K, committed 8832K, reserved 1048576K
}
Event: 384.058 GC heap after
{Heap after GC invocations=354 (full 15):
 PSYoungGen      total 30208K, used 12788K [0x00000000eab00000, 0x00000000edf00000, 0x0000000100000000)
  eden space 17408K, 0% used [0x00000000eab00000,0x00000000eab00000,0x00000000ebc00000)
  from space 12800K, 99% used [0x00000000ebc00000,0x00000000ec87d268,0x00000000ec880000)
  to   space 17920K, 0% used [0x00000000ecd80000,0x00000000ecd80000,0x00000000edf00000)
 ParOldGen       total 317952K, used 264874K [0x00000000c0000000, 0x00000000d3680000, 0x00000000eab00000)
  object space 317952K, 83% used [0x00000000c0000000,0x00000000d02aa860,0x00000000d3680000)
 Metaspace       used 77727K, committed 79104K, reserved 1179648K
  class space    used 8214K, committed 8832K, reserved 1048576K
}
Event: 384.421 GC heap before
{Heap before GC invocations=355 (full 15):
 PSYoungGen      total 30208K, used 30196K [0x00000000eab00000, 0x00000000edf00000, 0x0000000100000000)
  eden space 17408K, 100% used [0x00000000eab00000,0x00000000ebc00000,0x00000000ebc00000)
  from space 12800K, 99% used [0x00000000ebc00000,0x00000000ec87d268,0x00000000ec880000)
  to   space 17920K, 0% used [0x00000000ecd80000,0x00000000ecd80000,0x00000000edf00000)
 ParOldGen       total 317952K, used 264874K [0x00000000c0000000, 0x00000000d3680000, 0x00000000eab00000)
  object space 317952K, 83% used [0x00000000c0000000,0x00000000d02aa860,0x00000000d3680000)
 Metaspace       used 77728K, committed 79104K, reserved 1179648K
  class space    used 8214K, committed 8832K, reserved 1048576K
}
Event: 384.477 GC heap after
{Heap after GC invocations=355 (full 15):
 PSYoungGen      total 35328K, used 15424K [0x00000000eab00000, 0x00000000edd00000, 0x0000000100000000)
  eden space 19456K, 0% used [0x00000000eab00000,0x00000000eab00000,0x00000000ebe00000)
  from space 15872K, 97% used [0x00000000ecd80000,0x00000000edc90000,0x00000000edd00000)
  to   space 15872K, 0% used [0x00000000ebe00000,0x00000000ebe00000,0x00000000ecd80000)
 ParOldGen       total 317952K, used 266776K [0x00000000c0000000, 0x00000000d3680000, 0x00000000eab00000)
  object space 317952K, 83% used [0x00000000c0000000,0x00000000d0486118,0x00000000d3680000)
 Metaspace       used 77728K, committed 79104K, reserved 1179648K
  class space    used 8214K, committed 8832K, reserved 1048576K
}

